{"/Users/stan/code/ai/github/fock/OpenManus/frontend/project-management/src/App.tsx": {"path":"/Users/stan/code/ai/github/fock/OpenManus/frontend/project-management/src/App.tsx","statementMap":{"0":{"start":{"line":7,"column":36},"end":{"line":7,"column":42}},"1":{"start":{"line":9,"column":22},"end":{"line":52,"column":1}},"2":{"start":{"line":10,"column":60},"end":{"line":10,"column":76}},"3":{"start":{"line":12,"column":4},"end":{"line":51,"column":6}}},"fnMap":{"0":{"name":"(anonymous_0)","decl":{"start":{"line":9,"column":22},"end":{"line":9,"column":23}},"loc":{"start":{"line":9,"column":28},"end":{"line":52,"column":1}},"line":9}},"branchMap":{},"s":{"0":0,"1":0,"2":0,"3":0},"f":{"0":0},"b":{}}
,"/Users/stan/code/ai/github/fock/OpenManus/frontend/project-management/src/index.tsx": {"path":"/Users/stan/code/ai/github/fock/OpenManus/frontend/project-management/src/index.tsx","statementMap":{"0":{"start":{"line":5,"column":13},"end":{"line":7,"column":1}},"1":{"start":{"line":8,"column":0},"end":{"line":12,"column":2}}},"fnMap":{},"branchMap":{},"s":{"0":0,"1":0},"f":{},"b":{}}
,"/Users/stan/code/ai/github/fock/OpenManus/frontend/project-management/src/context/AuthContext.tsx": {"path":"/Users/stan/code/ai/github/fock/OpenManus/frontend/project-management/src/context/AuthContext.tsx","statementMap":{},"fnMap":{},"branchMap":{},"s":{},"f":{},"b":{}}
,"/Users/stan/code/ai/github/fock/OpenManus/frontend/project-management/src/pages/ProjectDetail/index.tsx": {"path":"/Users/stan/code/ai/github/fock/OpenManus/frontend/project-management/src/pages/ProjectDetail/index.tsx","statementMap":{"0":{"start":{"line":7,"column":32},"end":{"line":50,"column":1}},"1":{"start":{"line":8,"column":19},"end":{"line":8,"column":46}},"2":{"start":{"line":9,"column":21},"end":{"line":9,"column":34}},"3":{"start":{"line":12,"column":20},"end":{"line":19,"column":5}},"4":{"start":{"line":21,"column":23},"end":{"line":23,"column":5}},"5":{"start":{"line":22,"column":8},"end":{"line":22,"column":22}},"6":{"start":{"line":25,"column":4},"end":{"line":49,"column":6}}},"fnMap":{"0":{"name":"(anonymous_0)","decl":{"start":{"line":7,"column":32},"end":{"line":7,"column":33}},"loc":{"start":{"line":7,"column":38},"end":{"line":50,"column":1}},"line":7},"1":{"name":"(anonymous_1)","decl":{"start":{"line":21,"column":23},"end":{"line":21,"column":24}},"loc":{"start":{"line":21,"column":29},"end":{"line":23,"column":5}},"line":21}},"branchMap":{},"s":{"0":0,"1":0,"2":0,"3":0,"4":0,"5":0,"6":0},"f":{"0":0,"1":0},"b":{}}
,"/Users/stan/code/ai/github/fock/OpenManus/frontend/project-management/src/pages/ProjectList/index.tsx": {"path":"/Users/stan/code/ai/github/fock/OpenManus/frontend/project-management/src/pages/ProjectList/index.tsx","statementMap":{"0":{"start":{"line":12,"column":30},"end":{"line":154,"column":1}},"1":{"start":{"line":13,"column":36},"end":{"line":17,"column":7}},"2":{"start":{"line":18,"column":48},"end":{"line":18,"column":63}},"3":{"start":{"line":19,"column":48},"end":{"line":19,"column":78}},"4":{"start":{"line":20,"column":19},"end":{"line":20,"column":33}},"5":{"start":{"line":21,"column":21},"end":{"line":21,"column":34}},"6":{"start":{"line":23,"column":29},"end":{"line":27,"column":5}},"7":{"start":{"line":24,"column":8},"end":{"line":24,"column":32}},"8":{"start":{"line":25,"column":8},"end":{"line":25,"column":27}},"9":{"start":{"line":26,"column":8},"end":{"line":26,"column":32}},"10":{"start":{"line":29,"column":30},"end":{"line":33,"column":5}},"11":{"start":{"line":30,"column":8},"end":{"line":30,"column":35}},"12":{"start":{"line":31,"column":8},"end":{"line":31,"column":37}},"13":{"start":{"line":32,"column":8},"end":{"line":32,"column":32}},"14":{"start":{"line":35,"column":32},"end":{"line":38,"column":5}},"15":{"start":{"line":36,"column":8},"end":{"line":36,"column":67}},"16":{"start":{"line":36,"column":47},"end":{"line":36,"column":64}},"17":{"start":{"line":37,"column":8},"end":{"line":37,"column":34}},"18":{"start":{"line":40,"column":30},"end":{"line":58,"column":5}},"19":{"start":{"line":41,"column":8},"end":{"line":57,"column":11}},"20":{"start":{"line":42,"column":12},"end":{"line":53,"column":13}},"21":{"start":{"line":43,"column":16},"end":{"line":45,"column":19}},"22":{"start":{"line":44,"column":20},"end":{"line":44,"column":90}},"23":{"start":{"line":46,"column":16},"end":{"line":46,"column":42}},"24":{"start":{"line":48,"column":16},"end":{"line":51,"column":19}},"25":{"start":{"line":52,"column":16},"end":{"line":52,"column":42}},"26":{"start":{"line":54,"column":12},"end":{"line":54,"column":37}},"27":{"start":{"line":56,"column":12},"end":{"line":56,"column":50}},"28":{"start":{"line":60,"column":30},"end":{"line":62,"column":5}},"29":{"start":{"line":61,"column":8},"end":{"line":61,"column":36}},"30":{"start":{"line":64,"column":20},"end":{"line":113,"column":5}},"31":{"start":{"line":79,"column":16},"end":{"line":110,"column":19}},"32":{"start":{"line":82,"column":39},"end":{"line":82,"column":67}},"33":{"start":{"line":90,"column":39},"end":{"line":90,"column":64}},"34":{"start":{"line":98,"column":41},"end":{"line":98,"column":71}},"35":{"start":{"line":115,"column":4},"end":{"line":153,"column":6}},"36":{"start":{"line":133,"column":32},"end":{"line":133,"column":56}}},"fnMap":{"0":{"name":"(anonymous_0)","decl":{"start":{"line":12,"column":30},"end":{"line":12,"column":31}},"loc":{"start":{"line":12,"column":36},"end":{"line":154,"column":1}},"line":12},"1":{"name":"(anonymous_1)","decl":{"start":{"line":23,"column":29},"end":{"line":23,"column":30}},"loc":{"start":{"line":23,"column":35},"end":{"line":27,"column":5}},"line":23},"2":{"name":"(anonymous_2)","decl":{"start":{"line":29,"column":30},"end":{"line":29,"column":31}},"loc":{"start":{"line":29,"column":52},"end":{"line":33,"column":5}},"line":29},"3":{"name":"(anonymous_3)","decl":{"start":{"line":35,"column":32},"end":{"line":35,"column":33}},"loc":{"start":{"line":35,"column":48},"end":{"line":38,"column":5}},"line":35},"4":{"name":"(anonymous_4)","decl":{"start":{"line":36,"column":36},"end":{"line":36,"column":37}},"loc":{"start":{"line":36,"column":47},"end":{"line":36,"column":64}},"line":36},"5":{"name":"(anonymous_5)","decl":{"start":{"line":40,"column":30},"end":{"line":40,"column":31}},"loc":{"start":{"line":40,"column":36},"end":{"line":58,"column":5}},"line":40},"6":{"name":"(anonymous_6)","decl":{"start":{"line":41,"column":35},"end":{"line":41,"column":36}},"loc":{"start":{"line":41,"column":45},"end":{"line":55,"column":9}},"line":41},"7":{"name":"(anonymous_7)","decl":{"start":{"line":43,"column":41},"end":{"line":43,"column":42}},"loc":{"start":{"line":44,"column":20},"end":{"line":44,"column":90}},"line":44},"8":{"name":"(anonymous_8)","decl":{"start":{"line":55,"column":17},"end":{"line":55,"column":18}},"loc":{"start":{"line":55,"column":25},"end":{"line":57,"column":9}},"line":55},"9":{"name":"(anonymous_9)","decl":{"start":{"line":60,"column":30},"end":{"line":60,"column":31}},"loc":{"start":{"line":60,"column":46},"end":{"line":62,"column":5}},"line":60},"10":{"name":"(anonymous_10)","decl":{"start":{"line":78,"column":20},"end":{"line":78,"column":21}},"loc":{"start":{"line":79,"column":16},"end":{"line":110,"column":19}},"line":79},"11":{"name":"(anonymous_11)","decl":{"start":{"line":82,"column":33},"end":{"line":82,"column":34}},"loc":{"start":{"line":82,"column":39},"end":{"line":82,"column":67}},"line":82},"12":{"name":"(anonymous_12)","decl":{"start":{"line":90,"column":33},"end":{"line":90,"column":34}},"loc":{"start":{"line":90,"column":39},"end":{"line":90,"column":64}},"line":90},"13":{"name":"(anonymous_13)","decl":{"start":{"line":98,"column":35},"end":{"line":98,"column":36}},"loc":{"start":{"line":98,"column":41},"end":{"line":98,"column":71}},"line":98},"14":{"name":"(anonymous_14)","decl":{"start":{"line":133,"column":26},"end":{"line":133,"column":27}},"loc":{"start":{"line":133,"column":32},"end":{"line":133,"column":56}},"line":133}},"branchMap":{"0":{"loc":{"start":{"line":42,"column":12},"end":{"line":53,"column":13}},"type":"if","locations":[{"start":{"line":42,"column":12},"end":{"line":53,"column":13}},{"start":{"line":47,"column":19},"end":{"line":53,"column":13}}],"line":42},"1":{"loc":{"start":{"line":44,"column":20},"end":{"line":44,"column":90}},"type":"cond-expr","locations":[{"start":{"line":44,"column":55},"end":{"line":44,"column":80}},{"start":{"line":44,"column":83},"end":{"line":44,"column":90}}],"line":44},"2":{"loc":{"start":{"line":130,"column":23},"end":{"line":130,"column":55}},"type":"cond-expr","locations":[{"start":{"line":130,"column":40},"end":{"line":130,"column":46}},{"start":{"line":130,"column":49},"end":{"line":130,"column":55}}],"line":130}},"s":{"0":0,"1":0,"2":0,"3":0,"4":0,"5":0,"6":0,"7":0,"8":0,"9":0,"10":0,"11":0,"12":0,"13":0,"14":0,"15":0,"16":0,"17":0,"18":0,"19":0,"20":0,"21":0,"22":0,"23":0,"24":0,"25":0,"26":0,"27":0,"28":0,"29":0,"30":0,"31":0,"32":0,"33":0,"34":0,"35":0,"36":0},"f":{"0":0,"1":0,"2":0,"3":0,"4":0,"5":0,"6":0,"7":0,"8":0,"9":0,"10":0,"11":0,"12":0,"13":0,"14":0},"b":{"0":[0,0],"1":[0,0],"2":[0,0]}}
,"/Users/stan/code/ai/github/fock/OpenManus/frontend/project-management/src/services/projectService.ts": {"path":"/Users/stan/code/ai/github/fock/OpenManus/frontend/project-management/src/services/projectService.ts","statementMap":{"0":{"start":{"line":9,"column":27},"end":{"line":12,"column":1}},"1":{"start":{"line":10,"column":4},"end":{"line":10,"column":39}},"2":{"start":{"line":11,"column":4},"end":{"line":11,"column":14}},"3":{"start":{"line":14,"column":29},"end":{"line":17,"column":1}},"4":{"start":{"line":15,"column":4},"end":{"line":15,"column":50}},"5":{"start":{"line":16,"column":4},"end":{"line":16,"column":115}},"6":{"start":{"line":19,"column":29},"end":{"line":22,"column":1}},"7":{"start":{"line":20,"column":4},"end":{"line":20,"column":54}},"8":{"start":{"line":21,"column":4},"end":{"line":21,"column":104}},"9":{"start":{"line":24,"column":29},"end":{"line":27,"column":1}},"10":{"start":{"line":25,"column":4},"end":{"line":25,"column":45}},"11":{"start":{"line":26,"column":4},"end":{"line":26,"column":16}}},"fnMap":{"0":{"name":"(anonymous_0)","decl":{"start":{"line":9,"column":27},"end":{"line":9,"column":28}},"loc":{"start":{"line":9,"column":59},"end":{"line":12,"column":1}},"line":9},"1":{"name":"(anonymous_1)","decl":{"start":{"line":14,"column":29},"end":{"line":14,"column":30}},"loc":{"start":{"line":14,"column":115},"end":{"line":17,"column":1}},"line":14},"2":{"name":"(anonymous_2)","decl":{"start":{"line":19,"column":29},"end":{"line":19,"column":30}},"loc":{"start":{"line":19,"column":127},"end":{"line":22,"column":1}},"line":19},"3":{"name":"(anonymous_3)","decl":{"start":{"line":24,"column":29},"end":{"line":24,"column":30}},"loc":{"start":{"line":24,"column":69},"end":{"line":27,"column":1}},"line":24}},"branchMap":{},"s":{"0":0,"1":0,"2":0,"3":0,"4":0,"5":0,"6":0,"7":0,"8":0,"9":0,"10":0,"11":0},"f":{"0":0,"1":0,"2":0,"3":0},"b":{}}
,"/Users/stan/code/ai/github/fock/OpenManus/frontend/project-management/src/test-utils/index.tsx": {"path":"/Users/stan/code/ai/github/fock/OpenManus/frontend/project-management/src/test-utils/index.tsx","statementMap":{"0":{"start":{"line":12,"column":25},"end":{"line":30,"column":1}},"1":{"start":{"line":16,"column":20},"end":{"line":24,"column":5}},"2":{"start":{"line":17,"column":8},"end":{"line":23,"column":25}},"3":{"start":{"line":26,"column":4},"end":{"line":29,"column":6}},"4":{"start":{"line":32,"column":21},"end":{"line":38,"column":1}},"5":{"start":{"line":35,"column":19},"end":{"line":35,"column":48}},"6":{"start":{"line":36,"column":4},"end":{"line":36,"column":66}},"7":{"start":{"line":36,"column":24},"end":{"line":36,"column":66}},"8":{"start":{"line":37,"column":4},"end":{"line":37,"column":18}},"9":{"start":{"line":40,"column":24},"end":{"line":40,"column":75}},"10":{"start":{"line":40,"column":30},"end":{"line":40,"column":75}},"11":{"start":{"line":40,"column":53},"end":{"line":40,"column":74}},"12":{"start":{"line":42,"column":19},"end":{"line":46,"column":1}},"13":{"start":{"line":43,"column":24},"end":{"line":43,"column":80}},"14":{"start":{"line":44,"column":4},"end":{"line":44,"column":36}},"15":{"start":{"line":45,"column":4},"end":{"line":45,"column":28}}},"fnMap":{"0":{"name":"(anonymous_0)","decl":{"start":{"line":12,"column":25},"end":{"line":12,"column":26}},"loc":{"start":{"line":15,"column":5},"end":{"line":30,"column":1}},"line":15},"1":{"name":"(anonymous_1)","decl":{"start":{"line":16,"column":20},"end":{"line":16,"column":21}},"loc":{"start":{"line":17,"column":8},"end":{"line":23,"column":25}},"line":17},"2":{"name":"(anonymous_2)","decl":{"start":{"line":32,"column":21},"end":{"line":32,"column":22}},"loc":{"start":{"line":34,"column":23},"end":{"line":38,"column":1}},"line":34},"3":{"name":"(anonymous_3)","decl":{"start":{"line":40,"column":24},"end":{"line":40,"column":25}},"loc":{"start":{"line":40,"column":30},"end":{"line":40,"column":75}},"line":40},"4":{"name":"(anonymous_4)","decl":{"start":{"line":40,"column":42},"end":{"line":40,"column":43}},"loc":{"start":{"line":40,"column":53},"end":{"line":40,"column":74}},"line":40},"5":{"name":"(anonymous_5)","decl":{"start":{"line":42,"column":19},"end":{"line":42,"column":20}},"loc":{"start":{"line":42,"column":52},"end":{"line":46,"column":1}},"line":42}},"branchMap":{"0":{"loc":{"start":{"line":14,"column":4},"end":{"line":14,"column":83}},"type":"default-arg","locations":[{"start":{"line":14,"column":81},"end":{"line":14,"column":83}}],"line":14},"1":{"loc":{"start":{"line":14,"column":6},"end":{"line":14,"column":17}},"type":"default-arg","locations":[{"start":{"line":14,"column":14},"end":{"line":14,"column":17}}],"line":14},"2":{"loc":{"start":{"line":14,"column":19},"end":{"line":14,"column":43}},"type":"default-arg","locations":[{"start":{"line":14,"column":36},"end":{"line":14,"column":43}}],"line":14},"3":{"loc":{"start":{"line":36,"column":4},"end":{"line":36,"column":66}},"type":"if","locations":[{"start":{"line":36,"column":4},"end":{"line":36,"column":66}},{"start":{},"end":{}}],"line":36}},"s":{"0":0,"1":0,"2":0,"3":0,"4":0,"5":0,"6":0,"7":0,"8":0,"9":0,"10":0,"11":0,"12":0,"13":0,"14":0,"15":0},"f":{"0":0,"1":0,"2":0,"3":0,"4":0,"5":0},"b":{"0":[0],"1":[0],"2":[0],"3":[0,0]}}
,"/Users/stan/code/ai/github/fock/OpenManus/frontend/project-management/src/types/index.ts": {"path":"/Users/stan/code/ai/github/fock/OpenManus/frontend/project-management/src/types/index.ts","statementMap":{},"fnMap":{},"branchMap":{},"s":{},"f":{},"b":{}}
}
